<?xml version="1.0" encoding="UTF-8"?>
<!-- Generated by org.testng.reporters.JUnitXMLReporter -->
<testsuite ignored="0" hostname="DESKTOP-0AHARA7" failures="0" tests="3" name="Command line test" time="1.56" errors="0" timestamp="2023-02-25T20:20:23 GMT">
  <testcase classname="com.qa.tests.GetAPITest" name="getAPITestWithoutHeader" time="0.902"/>
  <testcase classname="com.qa.tests.GetAPITest" name="getAPITestWithHeaders" time="0.094"/>
  <testcase classname="com.qa.tests.PostAPITest" name="postAPITest" time="0.492"/>
</testsuite> <!-- Command line test -->
