<?xml version="1.0" encoding="UTF-8"?>
<testng-results ignored="0" total="3" passed="3" failed="0" skipped="0">
  <reporter-output>
  </reporter-output>
  <suite started-at="2023-02-25T20:20:21 GMT" name="Command line suite" finished-at="2023-02-25T20:20:23 GMT" duration-ms="1560">
    <groups>
    </groups>
    <test started-at="2023-02-25T20:20:21 GMT" name="Command line test" finished-at="2023-02-25T20:20:23 GMT" duration-ms="1560">
      <class name="com.qa.tests.PostAPITest">
        <test-method is-config="true" signature="SetUp()[pri:0, instance:com.qa.tests.PostAPITest@453da22c]" started-at="2023-02-25T20:20:22 GMT" name="SetUp" finished-at="2023-02-25T20:20:22 GMT" duration-ms="1" status="PASS">
          <reporter-output>
          </reporter-output>
        </test-method> <!-- SetUp -->
        <test-method signature="postAPITest()[pri:0, instance:com.qa.tests.PostAPITest@453da22c]" started-at="2023-02-25T20:20:22 GMT" name="postAPITest" finished-at="2023-02-25T20:20:23 GMT" duration-ms="492" status="PASS">
          <reporter-output>
          </reporter-output>
        </test-method> <!-- postAPITest -->
      </class> <!-- com.qa.tests.PostAPITest -->
      <class name="com.qa.tests.GetAPITest">
        <test-method is-config="true" signature="SetUp()[pri:0, instance:com.qa.tests.GetAPITest@32464a14]" started-at="2023-02-25T20:20:21 GMT" name="SetUp" finished-at="2023-02-25T20:20:21 GMT" duration-ms="18" status="PASS">
          <reporter-output>
          </reporter-output>
        </test-method> <!-- SetUp -->
        <test-method signature="getAPITestWithoutHeader()[pri:1, instance:com.qa.tests.GetAPITest@32464a14]" started-at="2023-02-25T20:20:21 GMT" name="getAPITestWithoutHeader" finished-at="2023-02-25T20:20:22 GMT" duration-ms="902" status="PASS">
          <reporter-output>
          </reporter-output>
        </test-method> <!-- getAPITestWithoutHeader -->
        <test-method signature="getAPITestWithHeaders()[pri:2, instance:com.qa.tests.GetAPITest@32464a14]" started-at="2023-02-25T20:20:22 GMT" name="getAPITestWithHeaders" finished-at="2023-02-25T20:20:22 GMT" duration-ms="94" status="PASS">
          <reporter-output>
          </reporter-output>
        </test-method> <!-- getAPITestWithHeaders -->
        <test-method is-config="true" signature="SetUp()[pri:0, instance:com.qa.tests.GetAPITest@32464a14]" started-at="2023-02-25T20:20:22 GMT" name="SetUp" finished-at="2023-02-25T20:20:22 GMT" duration-ms="0" status="PASS">
          <reporter-output>
          </reporter-output>
        </test-method> <!-- SetUp -->
      </class> <!-- com.qa.tests.GetAPITest -->
    </test> <!-- Command line test -->
  </suite> <!-- Command line suite -->
</testng-results>
